<?xml version="1.0" encoding="UTF-8"?>
<testsuite name="br.com.djavani.servicos.LocacaoServiceTest" time="0.992" tests="20" errors="0" skipped="0" failures="0">
  <properties>
[...]
</properties>
  <testcase name="deveProrrogarUmaLocacao" classname="br.com.djavani.servicos.LocacaoServiceTest" time="0.112"/>
  <testcase name="deveProrrogarUmaLocacao" classname="br.com.djavani.servicos.LocacaoServiceTest" time="0.084"/>
  <testcase name="deveTratarErronoSPC" classname="br.com.djavani.servicos.LocacaoServiceTest" time="0.085"/>
  <testcase name="deveTratarErronoSPC" classname="br.com.djavani.servicos.LocacaoServiceTest" time="0.058"/>
  <testcase name="deveEnviarEmailParaLocacoesAtrasadas" classname="br.com.djavani.servicos.LocacaoServiceTest" time="0.115"/>
  <testcase name="deveEnviarEmailParaLocacoesAtrasadas" classname="br.com.djavani.servicos.LocacaoServiceTest" time="0.087"/>
  <testcase name="naoDeveAlugarFilmeParaNegativadoSPC" classname="br.com.djavani.servicos.LocacaoServiceTest" time="0.112"/>
  <testcase name="naoDeveAlugarFilmeParaNegativadoSPC" classname="br.com.djavani.servicos.LocacaoServiceTest" time="0.092"/>
  <testcase name="naoDeveAlugarFilmeSemUsuario" classname="br.com.djavani.servicos.LocacaoServiceTest" time="0.115"/>
  <testcase name="naoDeveAlugarFilmeSemUsuario" classname="br.com.djavani.servicos.LocacaoServiceTest" time="0.083"/>
  <testcase name="deveDevolverNaSegundaAoAlugarNoSabado" classname="br.com.djavani.servicos.LocacaoServiceTest" time="0.102"/>
  <testcase name="deveDevolverNaSegundaAoAlugarNoSabado" classname="br.com.djavani.servicos.LocacaoServiceTest" time="0.061"/>
  <testcase name="naoDeveAlugarFilmeSemFilme" classname="br.com.djavani.servicos.LocacaoServiceTest" time="0.1"/>
  <testcase name="naoDeveAlugarFilmeSemFilme" classname="br.com.djavani.servicos.LocacaoServiceTest" time="0.111"/>
  <testcase name="deveAlugarFilme" classname="br.com.djavani.servicos.LocacaoServiceTest" time="0.103"/>
  <testcase name="deveAlugarFilme" classname="br.com.djavani.servicos.LocacaoServiceTest" time="0.108"/>
  <testcase name="naoDeveAlugarFilmeSemEstoque" classname="br.com.djavani.servicos.LocacaoServiceTest" time="0.095"/>
  <testcase name="naoDeveAlugarFilmeSemEstoque" classname="br.com.djavani.servicos.LocacaoServiceTest" time="0.083"/>
  <testcase name="deveCalcularValorLocacao" classname="br.com.djavani.servicos.LocacaoServiceTest" time="0.053"/>
  <testcase name="deveCalcularValorLocacao" classname="br.com.djavani.servicos.LocacaoServiceTest" time="0.003"/>
</testsuite>